2023-02-21 19:05:41,031 [Worker-4: Loading available Gradle versions] INFO  o.e.b.c.i.u.g.PublishedGradleVersions - Gradle version information cache is out-of-date. Trying to update.
2023-02-22 13:07:02,639 [Worker-1: Loading available Gradle versions] INFO  o.e.b.c.i.u.g.PublishedGradleVersions - Gradle version information cache is up-to-date. Trying to read.
2023-02-22 13:13:43,697 [ModalContext] INFO  o.e.m.c.i.e.AbstractTransferListenerAdapter - Downloading https://repo1.maven.org/maven2/am/ik/archetype/elm-spring-boot-blank-archetype/0.0.3/elm-spring-boot-blank-archetype-0.0.3.jar
2023-02-22 13:13:44,014 [ModalContext] INFO  o.e.m.c.i.e.AbstractTransferListenerAdapter - Downloaded https://repo1.maven.org/maven2/am/ik/archetype/elm-spring-boot-blank-archetype/0.0.3/elm-spring-boot-blank-archetype-0.0.3.jar
2023-02-22 13:13:44,152 [ModalContext] INFO  o.e.m.c.i.e.AbstractTransferListenerAdapter - Downloading https://repo1.maven.org/maven2/am/ik/archetype/elm-spring-boot-blank-archetype/0.0.3/elm-spring-boot-blank-archetype-0.0.3.pom
2023-02-22 13:13:44,289 [ModalContext] INFO  o.e.m.c.i.e.AbstractTransferListenerAdapter - Downloaded https://repo1.maven.org/maven2/am/ik/archetype/elm-spring-boot-blank-archetype/0.0.3/elm-spring-boot-blank-archetype-0.0.3.pom
2023-02-22 13:16:33,824 [ModalContext] INFO  o.e.m.c.i.e.AbstractTransferListenerAdapter - Downloading https://github.com/unlp-info-objetos/oo1-2021/blob/main/objetos-uno-archetype-0.0.1-SNAPSHOT/objetos-uno-archetype-0.0.1-SNAPSHOT.jar?raw=true/ar/edu/unlp/info/oo1/objetos-uno/0.0.1-SNAPSHOT/maven-metadata.xml
2023-02-22 13:16:34,321 [ModalContext] INFO  o.e.m.c.i.e.AbstractTransferListenerAdapter - Downloaded https://github.com/unlp-info-objetos/oo1-2021/blob/main/objetos-uno-archetype-0.0.1-SNAPSHOT/objetos-uno-archetype-0.0.1-SNAPSHOT.jar?raw=true/ar/edu/unlp/info/oo1/objetos-uno/0.0.1-SNAPSHOT/maven-metadata.xml
2023-02-22 13:16:34,330 [ModalContext] WARN  o.e.m.c.i.embedder.EclipseLogger - The metadata /home/visino/.m2/repository/ar/edu/unlp/info/oo1/objetos-uno/0.0.1-SNAPSHOT/maven-metadata-objetos-uno-repo.xml is invalid: only whitespace content allowed before start tag and not P (position: START_DOCUMENT seen P... @1:1) 
2023-02-22 13:16:34,596 [ModalContext] INFO  o.e.m.c.i.e.AbstractTransferListenerAdapter - Downloading https://github.com/unlp-info-objetos/oo1-2021/blob/main/objetos-uno-archetype-0.0.1-SNAPSHOT/objetos-uno-archetype-0.0.1-SNAPSHOT.jar?raw=true/ar/edu/unlp/info/oo1/objetos-uno/0.0.1-SNAPSHOT/objetos-uno-0.0.1-SNAPSHOT.pom
2023-02-22 13:16:35,062 [ModalContext] INFO  o.e.m.c.i.e.AbstractTransferListenerAdapter - Downloaded https://github.com/unlp-info-objetos/oo1-2021/blob/main/objetos-uno-archetype-0.0.1-SNAPSHOT/objetos-uno-archetype-0.0.1-SNAPSHOT.jar?raw=true/ar/edu/unlp/info/oo1/objetos-uno/0.0.1-SNAPSHOT/objetos-uno-0.0.1-SNAPSHOT.pom
2023-02-22 13:16:35,074 [ModalContext] WARN  o.e.m.c.i.embedder.EclipseLogger - The metadata /home/visino/.m2/repository/ar/edu/unlp/info/oo1/objetos-uno/0.0.1-SNAPSHOT/maven-metadata-objetos-uno-repo.xml is invalid: only whitespace content allowed before start tag and not P (position: START_DOCUMENT seen P... @1:1) 
2023-02-22 13:16:35,490 [ModalContext] INFO  o.e.m.c.i.e.AbstractTransferListenerAdapter - Downloading https://github.com/unlp-info-objetos/oo1-2021/blob/main/objetos-uno-archetype-0.0.1-SNAPSHOT/objetos-uno-archetype-0.0.1-SNAPSHOT.jar?raw=true/ar/edu/unlp/info/oo1/objetos-uno/0.0.1-SNAPSHOT/objetos-uno-0.0.1-SNAPSHOT.jar
2023-02-22 13:16:35,757 [ModalContext] INFO  o.e.m.c.i.e.AbstractTransferListenerAdapter - Downloaded https://github.com/unlp-info-objetos/oo1-2021/blob/main/objetos-uno-archetype-0.0.1-SNAPSHOT/objetos-uno-archetype-0.0.1-SNAPSHOT.jar?raw=true/ar/edu/unlp/info/oo1/objetos-uno/0.0.1-SNAPSHOT/objetos-uno-0.0.1-SNAPSHOT.jar
2023-02-22 13:17:33,676 [ModalContext] WARN  o.e.m.c.i.embedder.EclipseLogger - The metadata /home/visino/.m2/repository/ar/edu/unlp/info/oo1/objetos-uno/0.0.1-SNAPSHOT/maven-metadata-objetos-uno-repo.xml is invalid: only whitespace content allowed before start tag and not P (position: START_DOCUMENT seen P... @1:1) 
2023-02-22 13:17:33,685 [ModalContext] WARN  o.e.m.c.i.embedder.EclipseLogger - The metadata /home/visino/.m2/repository/ar/edu/unlp/info/oo1/objetos-uno/0.0.1-SNAPSHOT/maven-metadata-objetos-uno-repo.xml is invalid: only whitespace content allowed before start tag and not P (position: START_DOCUMENT seen P... @1:1) 
2023-02-22 13:17:58,568 [ModalContext] WARN  o.e.m.c.i.embedder.EclipseLogger - The metadata /home/visino/.m2/repository/ar/edu/unlp/info/oo1/objetos-uno/0.0.1-SNAPSHOT/maven-metadata-objetos-uno-repo.xml is invalid: only whitespace content allowed before start tag and not P (position: START_DOCUMENT seen P... @1:1) 
2023-02-22 13:17:58,569 [ModalContext] WARN  o.e.m.c.i.embedder.EclipseLogger - The metadata /home/visino/.m2/repository/ar/edu/unlp/info/oo1/objetos-uno/0.0.1-SNAPSHOT/maven-metadata-objetos-uno-repo.xml is invalid: only whitespace content allowed before start tag and not P (position: START_DOCUMENT seen P... @1:1) 
2023-02-22 13:19:05,960 [Worker-15: Creating objetos-uno] WARN  o.e.m.c.i.embedder.EclipseLogger - The metadata /home/visino/.m2/repository/ar/edu/unlp/info/oo1/objetos-uno/0.0.1-SNAPSHOT/maven-metadata-objetos-uno-repo.xml is invalid: only whitespace content allowed before start tag and not P (position: START_DOCUMENT seen P... @1:1) 
2023-02-22 13:19:05,965 [Worker-15: Creating objetos-uno] WARN  o.e.m.c.i.embedder.EclipseLogger - The metadata /home/visino/.m2/repository/ar/edu/unlp/info/oo1/objetos-uno/0.0.1-SNAPSHOT/maven-metadata-objetos-uno-repo.xml is invalid: only whitespace content allowed before start tag and not P (position: START_DOCUMENT seen P... @1:1) 
2023-02-22 13:19:06,004 [Worker-15: Creating objetos-uno] INFO  o.e.m.c.i.p.ProjectConfigurationManager - Collecting project info '/pom.xml' /home/visino/VisinoJuanCruz/Facultad/Objetos1/ejercicio2/pom.xml
2023-02-22 13:19:06,745 [Worker-15: Creating objetos-uno] INFO  o.e.m.c.i.l.LifecycleMappingFactory - Using org.eclipse.m2e.jdt.JarLifecycleMapping lifecycle mapping for MavenProject: ar.edu.unlp.info.oo1:ejercicio2:0.0.1-SNAPSHOT @ /home/visino/VisinoJuanCruz/Facultad/Objetos1/ejercicio2/pom.xml.
2023-02-22 13:19:06,923 [Worker-15: Creating objetos-uno] INFO  o.e.m.j.i.AbstractJavaProjectConfigurator - Adding source folder /ejercicio2/src/main/java
2023-02-22 13:19:06,926 [Worker-15: Creating objetos-uno] INFO  o.e.m.j.i.AbstractJavaProjectConfigurator - Adding source folder /ejercicio2/src/test/java
2023-02-22 13:19:07,852 [Worker-15: Creating objetos-uno] INFO  o.e.m.c.i.p.ProjectConfigurationManager - Imported and configured 1 project(s) in 1 sec
2023-02-22 13:19:08,700 [Worker-17: Building] INFO  o.e.m.c.i.embedder.EclipseLogger - Using 'UTF-8' encoding to copy filtered resources.
2023-02-22 13:19:08,700 [Worker-17: Building] INFO  o.e.m.c.i.embedder.EclipseLogger - skip non existing resourceDirectory /home/visino/VisinoJuanCruz/Facultad/Objetos1/ejercicio2/src/main/resources
2023-02-22 13:19:08,715 [Worker-17: Building] INFO  o.e.m.c.i.embedder.EclipseLogger - Using 'UTF-8' encoding to copy filtered resources.
2023-02-22 13:19:08,716 [Worker-17: Building] INFO  o.e.m.c.i.embedder.EclipseLogger - skip non existing resourceDirectory /home/visino/VisinoJuanCruz/Facultad/Objetos1/ejercicio2/src/test/resources
2023-02-22 13:25:04,075 [Worker-16: Building] INFO  o.e.m.c.i.embedder.EclipseLogger - Using 'UTF-8' encoding to copy filtered resources.
2023-02-22 13:25:04,075 [Worker-16: Building] INFO  o.e.m.c.i.embedder.EclipseLogger - skip non existing resourceDirectory /home/visino/VisinoJuanCruz/Facultad/Objetos1/ejercicio2/src/main/resources
2023-02-22 13:25:04,077 [Worker-16: Building] INFO  o.e.m.c.i.embedder.EclipseLogger - Using 'UTF-8' encoding to copy filtered resources.
2023-02-22 13:25:04,077 [Worker-16: Building] INFO  o.e.m.c.i.embedder.EclipseLogger - skip non existing resourceDirectory /home/visino/VisinoJuanCruz/Facultad/Objetos1/ejercicio2/src/test/resources
2023-02-22 13:25:14,514 [Worker-20: Building] INFO  o.e.m.c.i.embedder.EclipseLogger - Using 'UTF-8' encoding to copy filtered resources.
2023-02-22 13:25:14,514 [Worker-20: Building] INFO  o.e.m.c.i.embedder.EclipseLogger - skip non existing resourceDirectory /home/visino/VisinoJuanCruz/Facultad/Objetos1/ejercicio2/src/main/resources
2023-02-22 13:25:14,517 [Worker-20: Building] INFO  o.e.m.c.i.embedder.EclipseLogger - Using 'UTF-8' encoding to copy filtered resources.
2023-02-22 13:25:14,517 [Worker-20: Building] INFO  o.e.m.c.i.embedder.EclipseLogger - skip non existing resourceDirectory /home/visino/VisinoJuanCruz/Facultad/Objetos1/ejercicio2/src/test/resources
2023-02-22 13:25:22,885 [Worker-20: Building] INFO  o.e.m.c.i.embedder.EclipseLogger - Using 'UTF-8' encoding to copy filtered resources.
2023-02-22 13:25:22,885 [Worker-20: Building] INFO  o.e.m.c.i.embedder.EclipseLogger - skip non existing resourceDirectory /home/visino/VisinoJuanCruz/Facultad/Objetos1/ejercicio2/src/main/resources
2023-02-22 13:25:22,887 [Worker-20: Building] INFO  o.e.m.c.i.embedder.EclipseLogger - Using 'UTF-8' encoding to copy filtered resources.
2023-02-22 13:25:22,887 [Worker-20: Building] INFO  o.e.m.c.i.embedder.EclipseLogger - skip non existing resourceDirectory /home/visino/VisinoJuanCruz/Facultad/Objetos1/ejercicio2/src/test/resources
2023-02-22 13:25:31,130 [Worker-21: Building] INFO  o.e.m.c.i.embedder.EclipseLogger - Using 'UTF-8' encoding to copy filtered resources.
2023-02-22 13:25:31,130 [Worker-21: Building] INFO  o.e.m.c.i.embedder.EclipseLogger - skip non existing resourceDirectory /home/visino/VisinoJuanCruz/Facultad/Objetos1/ejercicio2/src/main/resources
2023-02-22 13:25:31,133 [Worker-21: Building] INFO  o.e.m.c.i.embedder.EclipseLogger - Using 'UTF-8' encoding to copy filtered resources.
2023-02-22 13:25:31,133 [Worker-21: Building] INFO  o.e.m.c.i.embedder.EclipseLogger - skip non existing resourceDirectory /home/visino/VisinoJuanCruz/Facultad/Objetos1/ejercicio2/src/test/resources
2023-02-22 13:25:38,577 [Worker-17: Building] INFO  o.e.m.c.i.embedder.EclipseLogger - Using 'UTF-8' encoding to copy filtered resources.
2023-02-22 13:25:38,577 [Worker-17: Building] INFO  o.e.m.c.i.embedder.EclipseLogger - skip non existing resourceDirectory /home/visino/VisinoJuanCruz/Facultad/Objetos1/ejercicio2/src/main/resources
2023-02-22 13:25:38,578 [Worker-17: Building] INFO  o.e.m.c.i.embedder.EclipseLogger - Using 'UTF-8' encoding to copy filtered resources.
2023-02-22 13:25:38,579 [Worker-17: Building] INFO  o.e.m.c.i.embedder.EclipseLogger - skip non existing resourceDirectory /home/visino/VisinoJuanCruz/Facultad/Objetos1/ejercicio2/src/test/resources
2023-02-22 13:25:40,833 [Worker-16: Building] INFO  o.e.m.c.i.embedder.EclipseLogger - Using 'UTF-8' encoding to copy filtered resources.
2023-02-22 13:25:40,833 [Worker-16: Building] INFO  o.e.m.c.i.embedder.EclipseLogger - skip non existing resourceDirectory /home/visino/VisinoJuanCruz/Facultad/Objetos1/ejercicio2/src/main/resources
2023-02-22 13:25:40,835 [Worker-16: Building] INFO  o.e.m.c.i.embedder.EclipseLogger - Using 'UTF-8' encoding to copy filtered resources.
2023-02-22 13:25:40,835 [Worker-16: Building] INFO  o.e.m.c.i.embedder.EclipseLogger - skip non existing resourceDirectory /home/visino/VisinoJuanCruz/Facultad/Objetos1/ejercicio2/src/test/resources
2023-02-22 13:25:47,037 [Worker-20: Building] INFO  o.e.m.c.i.embedder.EclipseLogger - Using 'UTF-8' encoding to copy filtered resources.
2023-02-22 13:25:47,037 [Worker-20: Building] INFO  o.e.m.c.i.embedder.EclipseLogger - skip non existing resourceDirectory /home/visino/VisinoJuanCruz/Facultad/Objetos1/ejercicio2/src/main/resources
2023-02-22 13:25:47,039 [Worker-20: Building] INFO  o.e.m.c.i.embedder.EclipseLogger - Using 'UTF-8' encoding to copy filtered resources.
2023-02-22 13:25:47,039 [Worker-20: Building] INFO  o.e.m.c.i.embedder.EclipseLogger - skip non existing resourceDirectory /home/visino/VisinoJuanCruz/Facultad/Objetos1/ejercicio2/src/test/resources
2023-02-22 13:25:55,844 [Worker-16: Building] INFO  o.e.m.c.i.embedder.EclipseLogger - Using 'UTF-8' encoding to copy filtered resources.
2023-02-22 13:25:55,844 [Worker-16: Building] INFO  o.e.m.c.i.embedder.EclipseLogger - skip non existing resourceDirectory /home/visino/VisinoJuanCruz/Facultad/Objetos1/ejercicio2/src/main/resources
2023-02-22 13:25:55,845 [Worker-16: Building] INFO  o.e.m.c.i.embedder.EclipseLogger - Using 'UTF-8' encoding to copy filtered resources.
2023-02-22 13:25:55,845 [Worker-16: Building] INFO  o.e.m.c.i.embedder.EclipseLogger - skip non existing resourceDirectory /home/visino/VisinoJuanCruz/Facultad/Objetos1/ejercicio2/src/test/resources
2023-02-22 13:26:29,177 [Worker-21: Building] INFO  o.e.m.c.i.embedder.EclipseLogger - Using 'UTF-8' encoding to copy filtered resources.
2023-02-22 13:26:29,178 [Worker-21: Building] INFO  o.e.m.c.i.embedder.EclipseLogger - skip non existing resourceDirectory /home/visino/VisinoJuanCruz/Facultad/Objetos1/ejercicio2/src/main/resources
2023-02-22 13:26:29,185 [Worker-21: Building] INFO  o.e.m.c.i.embedder.EclipseLogger - Using 'UTF-8' encoding to copy filtered resources.
2023-02-22 13:26:29,185 [Worker-21: Building] INFO  o.e.m.c.i.embedder.EclipseLogger - skip non existing resourceDirectory /home/visino/VisinoJuanCruz/Facultad/Objetos1/ejercicio2/src/test/resources
2023-02-22 13:26:31,867 [Worker-21: Building] INFO  o.e.m.c.i.embedder.EclipseLogger - Using 'UTF-8' encoding to copy filtered resources.
2023-02-22 13:26:31,867 [Worker-21: Building] INFO  o.e.m.c.i.embedder.EclipseLogger - skip non existing resourceDirectory /home/visino/VisinoJuanCruz/Facultad/Objetos1/ejercicio2/src/main/resources
2023-02-22 13:26:31,868 [Worker-21: Building] INFO  o.e.m.c.i.embedder.EclipseLogger - Using 'UTF-8' encoding to copy filtered resources.
2023-02-22 13:26:31,868 [Worker-21: Building] INFO  o.e.m.c.i.embedder.EclipseLogger - skip non existing resourceDirectory /home/visino/VisinoJuanCruz/Facultad/Objetos1/ejercicio2/src/test/resources
2023-02-22 13:27:13,030 [Worker-16: Building] INFO  o.e.m.c.i.embedder.EclipseLogger - Using 'UTF-8' encoding to copy filtered resources.
2023-02-22 13:27:13,030 [Worker-16: Building] INFO  o.e.m.c.i.embedder.EclipseLogger - skip non existing resourceDirectory /home/visino/VisinoJuanCruz/Facultad/Objetos1/ejercicio2/src/main/resources
2023-02-22 13:27:13,032 [Worker-16: Building] INFO  o.e.m.c.i.embedder.EclipseLogger - Using 'UTF-8' encoding to copy filtered resources.
2023-02-22 13:27:13,032 [Worker-16: Building] INFO  o.e.m.c.i.embedder.EclipseLogger - skip non existing resourceDirectory /home/visino/VisinoJuanCruz/Facultad/Objetos1/ejercicio2/src/test/resources
2023-02-22 13:27:22,783 [Worker-17: Building] INFO  o.e.m.c.i.embedder.EclipseLogger - Using 'UTF-8' encoding to copy filtered resources.
2023-02-22 13:27:22,783 [Worker-17: Building] INFO  o.e.m.c.i.embedder.EclipseLogger - skip non existing resourceDirectory /home/visino/VisinoJuanCruz/Facultad/Objetos1/ejercicio2/src/main/resources
2023-02-22 13:27:22,784 [Worker-17: Building] INFO  o.e.m.c.i.embedder.EclipseLogger - Using 'UTF-8' encoding to copy filtered resources.
2023-02-22 13:27:22,784 [Worker-17: Building] INFO  o.e.m.c.i.embedder.EclipseLogger - skip non existing resourceDirectory /home/visino/VisinoJuanCruz/Facultad/Objetos1/ejercicio2/src/test/resources
2023-02-22 13:35:11,110 [Worker-16: Building] INFO  o.e.m.c.i.embedder.EclipseLogger - Using 'UTF-8' encoding to copy filtered resources.
2023-02-22 13:35:11,110 [Worker-16: Building] INFO  o.e.m.c.i.embedder.EclipseLogger - skip non existing resourceDirectory /home/visino/VisinoJuanCruz/Facultad/Objetos1/ejercicio2/src/main/resources
2023-02-22 13:35:11,111 [Worker-16: Building] INFO  o.e.m.c.i.embedder.EclipseLogger - Using 'UTF-8' encoding to copy filtered resources.
2023-02-22 13:35:11,111 [Worker-16: Building] INFO  o.e.m.c.i.embedder.EclipseLogger - skip non existing resourceDirectory /home/visino/VisinoJuanCruz/Facultad/Objetos1/ejercicio2/src/test/resources
2023-02-22 13:35:13,074 [Worker-23: Building] INFO  o.e.m.c.i.embedder.EclipseLogger - Using 'UTF-8' encoding to copy filtered resources.
2023-02-22 13:35:13,075 [Worker-23: Building] INFO  o.e.m.c.i.embedder.EclipseLogger - skip non existing resourceDirectory /home/visino/VisinoJuanCruz/Facultad/Objetos1/ejercicio2/src/main/resources
2023-02-22 13:35:13,075 [Worker-23: Building] INFO  o.e.m.c.i.embedder.EclipseLogger - Using 'UTF-8' encoding to copy filtered resources.
2023-02-22 13:35:13,075 [Worker-23: Building] INFO  o.e.m.c.i.embedder.EclipseLogger - skip non existing resourceDirectory /home/visino/VisinoJuanCruz/Facultad/Objetos1/ejercicio2/src/test/resources
2023-02-22 13:36:57,956 [Worker-25: Building] INFO  o.e.m.c.i.embedder.EclipseLogger - Using 'UTF-8' encoding to copy filtered resources.
2023-02-22 13:36:57,956 [Worker-25: Building] INFO  o.e.m.c.i.embedder.EclipseLogger - skip non existing resourceDirectory /home/visino/VisinoJuanCruz/Facultad/Objetos1/ejercicio2/src/main/resources
2023-02-22 13:36:57,958 [Worker-25: Building] INFO  o.e.m.c.i.embedder.EclipseLogger - Using 'UTF-8' encoding to copy filtered resources.
2023-02-22 13:36:57,958 [Worker-25: Building] INFO  o.e.m.c.i.embedder.EclipseLogger - skip non existing resourceDirectory /home/visino/VisinoJuanCruz/Facultad/Objetos1/ejercicio2/src/test/resources
2023-02-22 13:56:00,690 [Worker-29: Building] INFO  o.e.m.c.i.embedder.EclipseLogger - Using 'UTF-8' encoding to copy filtered resources.
2023-02-22 13:56:00,691 [Worker-29: Building] INFO  o.e.m.c.i.embedder.EclipseLogger - skip non existing resourceDirectory /home/visino/VisinoJuanCruz/Facultad/Objetos1/ejercicio2/src/main/resources
2023-02-22 13:56:00,691 [Worker-29: Building] INFO  o.e.m.c.i.embedder.EclipseLogger - Using 'UTF-8' encoding to copy filtered resources.
2023-02-22 13:56:00,691 [Worker-29: Building] INFO  o.e.m.c.i.embedder.EclipseLogger - skip non existing resourceDirectory /home/visino/VisinoJuanCruz/Facultad/Objetos1/ejercicio2/src/test/resources
2023-02-22 14:01:18,664 [Worker-32: Building] INFO  o.e.m.c.i.embedder.EclipseLogger - Using 'UTF-8' encoding to copy filtered resources.
2023-02-22 14:01:18,665 [Worker-32: Building] INFO  o.e.m.c.i.embedder.EclipseLogger - skip non existing resourceDirectory /home/visino/VisinoJuanCruz/Facultad/Objetos1/ejercicio2/src/main/resources
2023-02-22 14:01:18,667 [Worker-32: Building] INFO  o.e.m.c.i.embedder.EclipseLogger - Using 'UTF-8' encoding to copy filtered resources.
2023-02-22 14:01:18,667 [Worker-32: Building] INFO  o.e.m.c.i.embedder.EclipseLogger - skip non existing resourceDirectory /home/visino/VisinoJuanCruz/Facultad/Objetos1/ejercicio2/src/test/resources
2023-02-22 14:02:03,110 [Worker-32: Building] INFO  o.e.m.c.i.embedder.EclipseLogger - Using 'UTF-8' encoding to copy filtered resources.
2023-02-22 14:02:03,111 [Worker-32: Building] INFO  o.e.m.c.i.embedder.EclipseLogger - skip non existing resourceDirectory /home/visino/VisinoJuanCruz/Facultad/Objetos1/ejercicio2/src/main/resources
2023-02-22 14:02:03,112 [Worker-32: Building] INFO  o.e.m.c.i.embedder.EclipseLogger - Using 'UTF-8' encoding to copy filtered resources.
2023-02-22 14:02:03,112 [Worker-32: Building] INFO  o.e.m.c.i.embedder.EclipseLogger - skip non existing resourceDirectory /home/visino/VisinoJuanCruz/Facultad/Objetos1/ejercicio2/src/test/resources
2023-02-22 14:03:26,107 [Worker-28: Building] INFO  o.e.m.c.i.embedder.EclipseLogger - Using 'UTF-8' encoding to copy filtered resources.
2023-02-22 14:03:26,107 [Worker-28: Building] INFO  o.e.m.c.i.embedder.EclipseLogger - skip non existing resourceDirectory /home/visino/VisinoJuanCruz/Facultad/Objetos1/ejercicio2/src/main/resources
2023-02-22 14:03:26,108 [Worker-28: Building] INFO  o.e.m.c.i.embedder.EclipseLogger - Using 'UTF-8' encoding to copy filtered resources.
2023-02-22 14:03:26,108 [Worker-28: Building] INFO  o.e.m.c.i.embedder.EclipseLogger - skip non existing resourceDirectory /home/visino/VisinoJuanCruz/Facultad/Objetos1/ejercicio2/src/test/resources
2023-02-22 14:03:56,378 [Worker-33: Building] INFO  o.e.m.c.i.embedder.EclipseLogger - Using 'UTF-8' encoding to copy filtered resources.
2023-02-22 14:03:56,379 [Worker-33: Building] INFO  o.e.m.c.i.embedder.EclipseLogger - skip non existing resourceDirectory /home/visino/VisinoJuanCruz/Facultad/Objetos1/ejercicio2/src/main/resources
2023-02-22 14:03:56,380 [Worker-33: Building] INFO  o.e.m.c.i.embedder.EclipseLogger - Using 'UTF-8' encoding to copy filtered resources.
2023-02-22 14:03:56,381 [Worker-33: Building] INFO  o.e.m.c.i.embedder.EclipseLogger - skip non existing resourceDirectory /home/visino/VisinoJuanCruz/Facultad/Objetos1/ejercicio2/src/test/resources
2023-02-22 14:05:00,065 [Worker-32: Building] INFO  o.e.m.c.i.embedder.EclipseLogger - Using 'UTF-8' encoding to copy filtered resources.
2023-02-22 14:05:00,065 [Worker-32: Building] INFO  o.e.m.c.i.embedder.EclipseLogger - skip non existing resourceDirectory /home/visino/VisinoJuanCruz/Facultad/Objetos1/ejercicio2/src/main/resources
2023-02-22 14:05:00,067 [Worker-32: Building] INFO  o.e.m.c.i.embedder.EclipseLogger - Using 'UTF-8' encoding to copy filtered resources.
2023-02-22 14:05:00,067 [Worker-32: Building] INFO  o.e.m.c.i.embedder.EclipseLogger - skip non existing resourceDirectory /home/visino/VisinoJuanCruz/Facultad/Objetos1/ejercicio2/src/test/resources
2023-02-22 14:05:55,073 [Worker-33: Building] INFO  o.e.m.c.i.embedder.EclipseLogger - Using 'UTF-8' encoding to copy filtered resources.
2023-02-22 14:05:55,073 [Worker-33: Building] INFO  o.e.m.c.i.embedder.EclipseLogger - skip non existing resourceDirectory /home/visino/VisinoJuanCruz/Facultad/Objetos1/ejercicio2/src/main/resources
2023-02-22 14:05:55,074 [Worker-33: Building] INFO  o.e.m.c.i.embedder.EclipseLogger - Using 'UTF-8' encoding to copy filtered resources.
2023-02-22 14:05:55,074 [Worker-33: Building] INFO  o.e.m.c.i.embedder.EclipseLogger - skip non existing resourceDirectory /home/visino/VisinoJuanCruz/Facultad/Objetos1/ejercicio2/src/test/resources
2023-02-22 14:06:22,993 [Worker-28: Building] INFO  o.e.m.c.i.embedder.EclipseLogger - Using 'UTF-8' encoding to copy filtered resources.
2023-02-22 14:06:22,993 [Worker-28: Building] INFO  o.e.m.c.i.embedder.EclipseLogger - skip non existing resourceDirectory /home/visino/VisinoJuanCruz/Facultad/Objetos1/ejercicio2/src/main/resources
2023-02-22 14:06:22,994 [Worker-28: Building] INFO  o.e.m.c.i.embedder.EclipseLogger - Using 'UTF-8' encoding to copy filtered resources.
2023-02-22 14:06:22,994 [Worker-28: Building] INFO  o.e.m.c.i.embedder.EclipseLogger - skip non existing resourceDirectory /home/visino/VisinoJuanCruz/Facultad/Objetos1/ejercicio2/src/test/resources
2023-02-22 14:07:15,568 [Worker-35: Building] INFO  o.e.m.c.i.embedder.EclipseLogger - Using 'UTF-8' encoding to copy filtered resources.
2023-02-22 14:07:15,568 [Worker-35: Building] INFO  o.e.m.c.i.embedder.EclipseLogger - skip non existing resourceDirectory /home/visino/VisinoJuanCruz/Facultad/Objetos1/ejercicio2/src/main/resources
2023-02-22 14:07:15,569 [Worker-35: Building] INFO  o.e.m.c.i.embedder.EclipseLogger - Using 'UTF-8' encoding to copy filtered resources.
2023-02-22 14:07:15,569 [Worker-35: Building] INFO  o.e.m.c.i.embedder.EclipseLogger - skip non existing resourceDirectory /home/visino/VisinoJuanCruz/Facultad/Objetos1/ejercicio2/src/test/resources
2023-02-22 14:07:35,748 [Worker-34: Building] INFO  o.e.m.c.i.embedder.EclipseLogger - Using 'UTF-8' encoding to copy filtered resources.
2023-02-22 14:07:35,748 [Worker-34: Building] INFO  o.e.m.c.i.embedder.EclipseLogger - skip non existing resourceDirectory /home/visino/VisinoJuanCruz/Facultad/Objetos1/ejercicio2/src/main/resources
2023-02-22 14:07:35,749 [Worker-34: Building] INFO  o.e.m.c.i.embedder.EclipseLogger - Using 'UTF-8' encoding to copy filtered resources.
2023-02-22 14:07:35,749 [Worker-34: Building] INFO  o.e.m.c.i.embedder.EclipseLogger - skip non existing resourceDirectory /home/visino/VisinoJuanCruz/Facultad/Objetos1/ejercicio2/src/test/resources
2023-02-22 14:07:37,018 [Worker-32: Building] INFO  o.e.m.c.i.embedder.EclipseLogger - Using 'UTF-8' encoding to copy filtered resources.
2023-02-22 14:07:37,018 [Worker-32: Building] INFO  o.e.m.c.i.embedder.EclipseLogger - skip non existing resourceDirectory /home/visino/VisinoJuanCruz/Facultad/Objetos1/ejercicio2/src/main/resources
2023-02-22 14:07:37,018 [Worker-32: Building] INFO  o.e.m.c.i.embedder.EclipseLogger - Using 'UTF-8' encoding to copy filtered resources.
2023-02-22 14:07:37,018 [Worker-32: Building] INFO  o.e.m.c.i.embedder.EclipseLogger - skip non existing resourceDirectory /home/visino/VisinoJuanCruz/Facultad/Objetos1/ejercicio2/src/test/resources
2023-02-22 14:08:03,251 [Worker-34: Building] INFO  o.e.m.c.i.embedder.EclipseLogger - Using 'UTF-8' encoding to copy filtered resources.
2023-02-22 14:08:03,251 [Worker-34: Building] INFO  o.e.m.c.i.embedder.EclipseLogger - skip non existing resourceDirectory /home/visino/VisinoJuanCruz/Facultad/Objetos1/ejercicio2/src/main/resources
2023-02-22 14:08:03,252 [Worker-34: Building] INFO  o.e.m.c.i.embedder.EclipseLogger - Using 'UTF-8' encoding to copy filtered resources.
2023-02-22 14:08:03,252 [Worker-34: Building] INFO  o.e.m.c.i.embedder.EclipseLogger - skip non existing resourceDirectory /home/visino/VisinoJuanCruz/Facultad/Objetos1/ejercicio2/src/test/resources
2023-02-22 14:08:27,181 [Worker-28: Building] INFO  o.e.m.c.i.embedder.EclipseLogger - Using 'UTF-8' encoding to copy filtered resources.
2023-02-22 14:08:27,182 [Worker-28: Building] INFO  o.e.m.c.i.embedder.EclipseLogger - skip non existing resourceDirectory /home/visino/VisinoJuanCruz/Facultad/Objetos1/ejercicio2/src/main/resources
2023-02-22 14:08:27,183 [Worker-28: Building] INFO  o.e.m.c.i.embedder.EclipseLogger - Using 'UTF-8' encoding to copy filtered resources.
2023-02-22 14:08:27,184 [Worker-28: Building] INFO  o.e.m.c.i.embedder.EclipseLogger - skip non existing resourceDirectory /home/visino/VisinoJuanCruz/Facultad/Objetos1/ejercicio2/src/test/resources
2023-02-22 14:08:51,523 [Worker-33: Building] INFO  o.e.m.c.i.embedder.EclipseLogger - Using 'UTF-8' encoding to copy filtered resources.
2023-02-22 14:08:51,523 [Worker-33: Building] INFO  o.e.m.c.i.embedder.EclipseLogger - skip non existing resourceDirectory /home/visino/VisinoJuanCruz/Facultad/Objetos1/ejercicio2/src/main/resources
2023-02-22 14:08:51,524 [Worker-33: Building] INFO  o.e.m.c.i.embedder.EclipseLogger - Using 'UTF-8' encoding to copy filtered resources.
2023-02-22 14:08:51,524 [Worker-33: Building] INFO  o.e.m.c.i.embedder.EclipseLogger - skip non existing resourceDirectory /home/visino/VisinoJuanCruz/Facultad/Objetos1/ejercicio2/src/test/resources
2023-02-22 14:36:46,503 [Worker-37: Building] INFO  o.e.m.c.i.embedder.EclipseLogger - Using 'UTF-8' encoding to copy filtered resources.
2023-02-22 14:36:46,503 [Worker-37: Building] INFO  o.e.m.c.i.embedder.EclipseLogger - skip non existing resourceDirectory /home/visino/VisinoJuanCruz/Facultad/Objetos1/ejercicio2/src/main/resources
2023-02-22 14:36:46,504 [Worker-37: Building] INFO  o.e.m.c.i.embedder.EclipseLogger - Using 'UTF-8' encoding to copy filtered resources.
2023-02-22 14:36:46,504 [Worker-37: Building] INFO  o.e.m.c.i.embedder.EclipseLogger - skip non existing resourceDirectory /home/visino/VisinoJuanCruz/Facultad/Objetos1/ejercicio2/src/test/resources
2023-02-22 20:05:45,881 [Worker-1: Loading available Gradle versions] INFO  o.e.b.c.i.u.g.PublishedGradleVersions - Gradle version information cache is out-of-date. Trying to update.
2023-02-23 12:48:28,070 [Worker-0: Loading available Gradle versions] INFO  o.e.b.c.i.u.g.PublishedGradleVersions - Gradle version information cache is up-to-date. Trying to read.
2023-02-23 12:49:17,350 [Worker-6: Building] INFO  o.e.m.c.i.embedder.EclipseLogger - Using 'UTF-8' encoding to copy filtered resources.
2023-02-23 12:49:17,350 [Worker-6: Building] INFO  o.e.m.c.i.embedder.EclipseLogger - skip non existing resourceDirectory /home/visino/VisinoJuanCruz/Facultad/Objetos1/ejercicio2/src/main/resources
2023-02-23 12:49:17,353 [Worker-6: Building] INFO  o.e.m.c.i.embedder.EclipseLogger - Using 'UTF-8' encoding to copy filtered resources.
2023-02-23 12:49:17,353 [Worker-6: Building] INFO  o.e.m.c.i.embedder.EclipseLogger - skip non existing resourceDirectory /home/visino/VisinoJuanCruz/Facultad/Objetos1/ejercicio2/src/test/resources
2023-02-23 13:08:26,071 [Worker-13: Building] INFO  o.e.m.c.i.embedder.EclipseLogger - Using 'UTF-8' encoding to copy filtered resources.
2023-02-23 13:08:26,071 [Worker-13: Building] INFO  o.e.m.c.i.embedder.EclipseLogger - skip non existing resourceDirectory /home/visino/VisinoJuanCruz/Facultad/Objetos1/ejercicio2/src/main/resources
2023-02-23 13:08:26,072 [Worker-13: Building] INFO  o.e.m.c.i.embedder.EclipseLogger - Using 'UTF-8' encoding to copy filtered resources.
2023-02-23 13:08:26,072 [Worker-13: Building] INFO  o.e.m.c.i.embedder.EclipseLogger - skip non existing resourceDirectory /home/visino/VisinoJuanCruz/Facultad/Objetos1/ejercicio2/src/test/resources
2023-02-23 13:13:25,343 [Worker-16: Building] INFO  o.e.m.c.i.embedder.EclipseLogger - Using 'UTF-8' encoding to copy filtered resources.
2023-02-23 13:13:25,343 [Worker-16: Building] INFO  o.e.m.c.i.embedder.EclipseLogger - skip non existing resourceDirectory /home/visino/VisinoJuanCruz/Facultad/Objetos1/ejercicio2/src/main/resources
2023-02-23 13:13:25,346 [Worker-16: Building] INFO  o.e.m.c.i.embedder.EclipseLogger - Using 'UTF-8' encoding to copy filtered resources.
2023-02-23 13:13:25,347 [Worker-16: Building] INFO  o.e.m.c.i.embedder.EclipseLogger - skip non existing resourceDirectory /home/visino/VisinoJuanCruz/Facultad/Objetos1/ejercicio2/src/test/resources
2023-02-23 13:13:54,831 [Worker-17: Building] INFO  o.e.m.c.i.embedder.EclipseLogger - Using 'UTF-8' encoding to copy filtered resources.
2023-02-23 13:13:54,831 [Worker-17: Building] INFO  o.e.m.c.i.embedder.EclipseLogger - skip non existing resourceDirectory /home/visino/VisinoJuanCruz/Facultad/Objetos1/ejercicio2/src/main/resources
2023-02-23 13:13:54,832 [Worker-17: Building] INFO  o.e.m.c.i.embedder.EclipseLogger - Using 'UTF-8' encoding to copy filtered resources.
2023-02-23 13:13:54,832 [Worker-17: Building] INFO  o.e.m.c.i.embedder.EclipseLogger - skip non existing resourceDirectory /home/visino/VisinoJuanCruz/Facultad/Objetos1/ejercicio2/src/test/resources
2023-02-23 13:14:31,392 [Worker-13: Building] INFO  o.e.m.c.i.embedder.EclipseLogger - Using 'UTF-8' encoding to copy filtered resources.
2023-02-23 13:14:31,392 [Worker-13: Building] INFO  o.e.m.c.i.embedder.EclipseLogger - skip non existing resourceDirectory /home/visino/VisinoJuanCruz/Facultad/Objetos1/ejercicio2/src/main/resources
2023-02-23 13:14:31,395 [Worker-13: Building] INFO  o.e.m.c.i.embedder.EclipseLogger - Using 'UTF-8' encoding to copy filtered resources.
2023-02-23 13:14:31,395 [Worker-13: Building] INFO  o.e.m.c.i.embedder.EclipseLogger - skip non existing resourceDirectory /home/visino/VisinoJuanCruz/Facultad/Objetos1/ejercicio2/src/test/resources
2023-02-23 13:15:20,929 [Worker-10: Building] INFO  o.e.m.c.i.embedder.EclipseLogger - Using 'UTF-8' encoding to copy filtered resources.
2023-02-23 13:15:20,929 [Worker-10: Building] INFO  o.e.m.c.i.embedder.EclipseLogger - skip non existing resourceDirectory /home/visino/VisinoJuanCruz/Facultad/Objetos1/ejercicio2/src/main/resources
2023-02-23 13:15:20,931 [Worker-10: Building] INFO  o.e.m.c.i.embedder.EclipseLogger - Using 'UTF-8' encoding to copy filtered resources.
2023-02-23 13:15:20,931 [Worker-10: Building] INFO  o.e.m.c.i.embedder.EclipseLogger - skip non existing resourceDirectory /home/visino/VisinoJuanCruz/Facultad/Objetos1/ejercicio2/src/test/resources
2023-02-23 13:15:42,005 [Worker-10: Building] INFO  o.e.m.c.i.embedder.EclipseLogger - Using 'UTF-8' encoding to copy filtered resources.
2023-02-23 13:15:42,005 [Worker-10: Building] INFO  o.e.m.c.i.embedder.EclipseLogger - skip non existing resourceDirectory /home/visino/VisinoJuanCruz/Facultad/Objetos1/ejercicio2/src/main/resources
2023-02-23 13:15:42,006 [Worker-10: Building] INFO  o.e.m.c.i.embedder.EclipseLogger - Using 'UTF-8' encoding to copy filtered resources.
2023-02-23 13:15:42,007 [Worker-10: Building] INFO  o.e.m.c.i.embedder.EclipseLogger - skip non existing resourceDirectory /home/visino/VisinoJuanCruz/Facultad/Objetos1/ejercicio2/src/test/resources
2023-02-23 13:16:11,578 [Worker-17: Building] INFO  o.e.m.c.i.embedder.EclipseLogger - Using 'UTF-8' encoding to copy filtered resources.
2023-02-23 13:16:11,578 [Worker-17: Building] INFO  o.e.m.c.i.embedder.EclipseLogger - skip non existing resourceDirectory /home/visino/VisinoJuanCruz/Facultad/Objetos1/ejercicio2/src/main/resources
2023-02-23 13:16:11,583 [Worker-17: Building] INFO  o.e.m.c.i.embedder.EclipseLogger - Using 'UTF-8' encoding to copy filtered resources.
2023-02-23 13:16:11,584 [Worker-17: Building] INFO  o.e.m.c.i.embedder.EclipseLogger - skip non existing resourceDirectory /home/visino/VisinoJuanCruz/Facultad/Objetos1/ejercicio2/src/test/resources
2023-02-23 13:16:59,828 [Worker-10: Building] INFO  o.e.m.c.i.embedder.EclipseLogger - Using 'UTF-8' encoding to copy filtered resources.
2023-02-23 13:16:59,828 [Worker-10: Building] INFO  o.e.m.c.i.embedder.EclipseLogger - skip non existing resourceDirectory /home/visino/VisinoJuanCruz/Facultad/Objetos1/ejercicio2/src/main/resources
2023-02-23 13:16:59,830 [Worker-10: Building] INFO  o.e.m.c.i.embedder.EclipseLogger - Using 'UTF-8' encoding to copy filtered resources.
2023-02-23 13:16:59,830 [Worker-10: Building] INFO  o.e.m.c.i.embedder.EclipseLogger - skip non existing resourceDirectory /home/visino/VisinoJuanCruz/Facultad/Objetos1/ejercicio2/src/test/resources
2023-02-23 13:17:54,010 [Worker-10: Building] INFO  o.e.m.c.i.embedder.EclipseLogger - Using 'UTF-8' encoding to copy filtered resources.
2023-02-23 13:17:54,011 [Worker-10: Building] INFO  o.e.m.c.i.embedder.EclipseLogger - skip non existing resourceDirectory /home/visino/VisinoJuanCruz/Facultad/Objetos1/ejercicio2/src/main/resources
2023-02-23 13:17:54,013 [Worker-10: Building] INFO  o.e.m.c.i.embedder.EclipseLogger - Using 'UTF-8' encoding to copy filtered resources.
2023-02-23 13:17:54,013 [Worker-10: Building] INFO  o.e.m.c.i.embedder.EclipseLogger - skip non existing resourceDirectory /home/visino/VisinoJuanCruz/Facultad/Objetos1/ejercicio2/src/test/resources
2023-02-23 13:18:22,430 [Worker-10: Building] INFO  o.e.m.c.i.embedder.EclipseLogger - Using 'UTF-8' encoding to copy filtered resources.
2023-02-23 13:18:22,433 [Worker-10: Building] INFO  o.e.m.c.i.embedder.EclipseLogger - skip non existing resourceDirectory /home/visino/VisinoJuanCruz/Facultad/Objetos1/ejercicio2/src/main/resources
2023-02-23 13:18:22,435 [Worker-10: Building] INFO  o.e.m.c.i.embedder.EclipseLogger - Using 'UTF-8' encoding to copy filtered resources.
2023-02-23 13:18:22,436 [Worker-10: Building] INFO  o.e.m.c.i.embedder.EclipseLogger - skip non existing resourceDirectory /home/visino/VisinoJuanCruz/Facultad/Objetos1/ejercicio2/src/test/resources
2023-02-23 13:18:36,295 [Worker-10: Building] INFO  o.e.m.c.i.embedder.EclipseLogger - Using 'UTF-8' encoding to copy filtered resources.
2023-02-23 13:18:36,295 [Worker-10: Building] INFO  o.e.m.c.i.embedder.EclipseLogger - skip non existing resourceDirectory /home/visino/VisinoJuanCruz/Facultad/Objetos1/ejercicio2/src/main/resources
2023-02-23 13:18:36,296 [Worker-10: Building] INFO  o.e.m.c.i.embedder.EclipseLogger - Using 'UTF-8' encoding to copy filtered resources.
2023-02-23 13:18:36,296 [Worker-10: Building] INFO  o.e.m.c.i.embedder.EclipseLogger - skip non existing resourceDirectory /home/visino/VisinoJuanCruz/Facultad/Objetos1/ejercicio2/src/test/resources
2023-02-23 13:18:42,733 [Worker-17: Building] INFO  o.e.m.c.i.embedder.EclipseLogger - Using 'UTF-8' encoding to copy filtered resources.
2023-02-23 13:18:42,733 [Worker-17: Building] INFO  o.e.m.c.i.embedder.EclipseLogger - skip non existing resourceDirectory /home/visino/VisinoJuanCruz/Facultad/Objetos1/ejercicio2/src/main/resources
2023-02-23 13:18:42,735 [Worker-17: Building] INFO  o.e.m.c.i.embedder.EclipseLogger - Using 'UTF-8' encoding to copy filtered resources.
2023-02-23 13:18:42,736 [Worker-17: Building] INFO  o.e.m.c.i.embedder.EclipseLogger - skip non existing resourceDirectory /home/visino/VisinoJuanCruz/Facultad/Objetos1/ejercicio2/src/test/resources
2023-02-23 13:21:56,961 [Worker-10: Building] INFO  o.e.m.c.i.embedder.EclipseLogger - Using 'UTF-8' encoding to copy filtered resources.
2023-02-23 13:21:56,962 [Worker-10: Building] INFO  o.e.m.c.i.embedder.EclipseLogger - skip non existing resourceDirectory /home/visino/VisinoJuanCruz/Facultad/Objetos1/ejercicio2/src/main/resources
2023-02-23 13:21:56,964 [Worker-10: Building] INFO  o.e.m.c.i.embedder.EclipseLogger - Using 'UTF-8' encoding to copy filtered resources.
2023-02-23 13:21:56,965 [Worker-10: Building] INFO  o.e.m.c.i.embedder.EclipseLogger - skip non existing resourceDirectory /home/visino/VisinoJuanCruz/Facultad/Objetos1/ejercicio2/src/test/resources
2023-02-23 13:22:33,641 [Worker-10: Building] INFO  o.e.m.c.i.embedder.EclipseLogger - Using 'UTF-8' encoding to copy filtered resources.
2023-02-23 13:22:33,641 [Worker-10: Building] INFO  o.e.m.c.i.embedder.EclipseLogger - skip non existing resourceDirectory /home/visino/VisinoJuanCruz/Facultad/Objetos1/ejercicio2/src/main/resources
2023-02-23 13:22:33,642 [Worker-10: Building] INFO  o.e.m.c.i.embedder.EclipseLogger - Using 'UTF-8' encoding to copy filtered resources.
2023-02-23 13:22:33,643 [Worker-10: Building] INFO  o.e.m.c.i.embedder.EclipseLogger - skip non existing resourceDirectory /home/visino/VisinoJuanCruz/Facultad/Objetos1/ejercicio2/src/test/resources
2023-02-23 13:27:22,727 [Worker-23: Building] INFO  o.e.m.c.i.embedder.EclipseLogger - Using 'UTF-8' encoding to copy filtered resources.
2023-02-23 13:27:22,727 [Worker-23: Building] INFO  o.e.m.c.i.embedder.EclipseLogger - skip non existing resourceDirectory /home/visino/VisinoJuanCruz/Facultad/Objetos1/ejercicio2/src/main/resources
2023-02-23 13:27:22,731 [Worker-23: Building] INFO  o.e.m.c.i.embedder.EclipseLogger - Using 'UTF-8' encoding to copy filtered resources.
2023-02-23 13:27:22,731 [Worker-23: Building] INFO  o.e.m.c.i.embedder.EclipseLogger - skip non existing resourceDirectory /home/visino/VisinoJuanCruz/Facultad/Objetos1/ejercicio2/src/test/resources
2023-02-23 13:27:36,349 [Worker-21: Building] INFO  o.e.m.c.i.embedder.EclipseLogger - Using 'UTF-8' encoding to copy filtered resources.
2023-02-23 13:27:36,349 [Worker-21: Building] INFO  o.e.m.c.i.embedder.EclipseLogger - skip non existing resourceDirectory /home/visino/VisinoJuanCruz/Facultad/Objetos1/ejercicio2/src/main/resources
2023-02-23 13:27:36,351 [Worker-21: Building] INFO  o.e.m.c.i.embedder.EclipseLogger - Using 'UTF-8' encoding to copy filtered resources.
2023-02-23 13:27:36,352 [Worker-21: Building] INFO  o.e.m.c.i.embedder.EclipseLogger - skip non existing resourceDirectory /home/visino/VisinoJuanCruz/Facultad/Objetos1/ejercicio2/src/test/resources
2023-02-23 13:27:49,482 [Worker-22: Building] INFO  o.e.m.c.i.embedder.EclipseLogger - Using 'UTF-8' encoding to copy filtered resources.
2023-02-23 13:27:49,483 [Worker-22: Building] INFO  o.e.m.c.i.embedder.EclipseLogger - skip non existing resourceDirectory /home/visino/VisinoJuanCruz/Facultad/Objetos1/ejercicio2/src/main/resources
2023-02-23 13:27:49,484 [Worker-22: Building] INFO  o.e.m.c.i.embedder.EclipseLogger - Using 'UTF-8' encoding to copy filtered resources.
2023-02-23 13:27:49,485 [Worker-22: Building] INFO  o.e.m.c.i.embedder.EclipseLogger - skip non existing resourceDirectory /home/visino/VisinoJuanCruz/Facultad/Objetos1/ejercicio2/src/test/resources
2023-02-23 13:28:56,675 [Worker-21: Building] INFO  o.e.m.c.i.embedder.EclipseLogger - Using 'UTF-8' encoding to copy filtered resources.
2023-02-23 13:28:56,675 [Worker-21: Building] INFO  o.e.m.c.i.embedder.EclipseLogger - skip non existing resourceDirectory /home/visino/VisinoJuanCruz/Facultad/Objetos1/ejercicio2/src/main/resources
2023-02-23 13:28:56,677 [Worker-21: Building] INFO  o.e.m.c.i.embedder.EclipseLogger - Using 'UTF-8' encoding to copy filtered resources.
2023-02-23 13:28:56,677 [Worker-21: Building] INFO  o.e.m.c.i.embedder.EclipseLogger - skip non existing resourceDirectory /home/visino/VisinoJuanCruz/Facultad/Objetos1/ejercicio2/src/test/resources
2023-02-23 13:43:47,183 [Worker-27: Building] INFO  o.e.m.c.i.embedder.EclipseLogger - Using 'UTF-8' encoding to copy filtered resources.
2023-02-23 13:43:47,183 [Worker-27: Building] INFO  o.e.m.c.i.embedder.EclipseLogger - skip non existing resourceDirectory /home/visino/VisinoJuanCruz/Facultad/Objetos1/ejercicio2/src/main/resources
2023-02-23 13:43:47,185 [Worker-27: Building] INFO  o.e.m.c.i.embedder.EclipseLogger - Using 'UTF-8' encoding to copy filtered resources.
2023-02-23 13:43:47,185 [Worker-27: Building] INFO  o.e.m.c.i.embedder.EclipseLogger - skip non existing resourceDirectory /home/visino/VisinoJuanCruz/Facultad/Objetos1/ejercicio2/src/test/resources
2023-02-23 13:43:56,454 [Worker-28: Building] INFO  o.e.m.c.i.embedder.EclipseLogger - Using 'UTF-8' encoding to copy filtered resources.
2023-02-23 13:43:56,454 [Worker-28: Building] INFO  o.e.m.c.i.embedder.EclipseLogger - skip non existing resourceDirectory /home/visino/VisinoJuanCruz/Facultad/Objetos1/ejercicio2/src/main/resources
2023-02-23 13:43:56,456 [Worker-28: Building] INFO  o.e.m.c.i.embedder.EclipseLogger - Using 'UTF-8' encoding to copy filtered resources.
2023-02-23 13:43:56,456 [Worker-28: Building] INFO  o.e.m.c.i.embedder.EclipseLogger - skip non existing resourceDirectory /home/visino/VisinoJuanCruz/Facultad/Objetos1/ejercicio2/src/test/resources
2023-02-23 13:46:27,194 [Worker-26: Building] INFO  o.e.m.c.i.embedder.EclipseLogger - Using 'UTF-8' encoding to copy filtered resources.
2023-02-23 13:46:27,195 [Worker-26: Building] INFO  o.e.m.c.i.embedder.EclipseLogger - skip non existing resourceDirectory /home/visino/VisinoJuanCruz/Facultad/Objetos1/ejercicio2/src/main/resources
2023-02-23 13:46:27,197 [Worker-26: Building] INFO  o.e.m.c.i.embedder.EclipseLogger - Using 'UTF-8' encoding to copy filtered resources.
2023-02-23 13:46:27,197 [Worker-26: Building] INFO  o.e.m.c.i.embedder.EclipseLogger - skip non existing resourceDirectory /home/visino/VisinoJuanCruz/Facultad/Objetos1/ejercicio2/src/test/resources
2023-02-23 13:46:28,686 [Worker-29: Building] INFO  o.e.m.c.i.embedder.EclipseLogger - Using 'UTF-8' encoding to copy filtered resources.
2023-02-23 13:46:28,686 [Worker-29: Building] INFO  o.e.m.c.i.embedder.EclipseLogger - skip non existing resourceDirectory /home/visino/VisinoJuanCruz/Facultad/Objetos1/ejercicio2/src/main/resources
2023-02-23 13:46:28,688 [Worker-29: Building] INFO  o.e.m.c.i.embedder.EclipseLogger - Using 'UTF-8' encoding to copy filtered resources.
2023-02-23 13:46:28,688 [Worker-29: Building] INFO  o.e.m.c.i.embedder.EclipseLogger - skip non existing resourceDirectory /home/visino/VisinoJuanCruz/Facultad/Objetos1/ejercicio2/src/test/resources
2023-02-23 13:46:32,971 [Worker-28: Building] INFO  o.e.m.c.i.embedder.EclipseLogger - Using 'UTF-8' encoding to copy filtered resources.
2023-02-23 13:46:32,972 [Worker-28: Building] INFO  o.e.m.c.i.embedder.EclipseLogger - skip non existing resourceDirectory /home/visino/VisinoJuanCruz/Facultad/Objetos1/ejercicio2/src/main/resources
2023-02-23 13:46:32,973 [Worker-28: Building] INFO  o.e.m.c.i.embedder.EclipseLogger - Using 'UTF-8' encoding to copy filtered resources.
2023-02-23 13:46:32,973 [Worker-28: Building] INFO  o.e.m.c.i.embedder.EclipseLogger - skip non existing resourceDirectory /home/visino/VisinoJuanCruz/Facultad/Objetos1/ejercicio2/src/test/resources
2023-02-23 13:46:39,236 [Worker-29: Building] INFO  o.e.m.c.i.embedder.EclipseLogger - Using 'UTF-8' encoding to copy filtered resources.
2023-02-23 13:46:39,237 [Worker-29: Building] INFO  o.e.m.c.i.embedder.EclipseLogger - skip non existing resourceDirectory /home/visino/VisinoJuanCruz/Facultad/Objetos1/ejercicio2/src/main/resources
2023-02-23 13:46:39,238 [Worker-29: Building] INFO  o.e.m.c.i.embedder.EclipseLogger - Using 'UTF-8' encoding to copy filtered resources.
2023-02-23 13:46:39,239 [Worker-29: Building] INFO  o.e.m.c.i.embedder.EclipseLogger - skip non existing resourceDirectory /home/visino/VisinoJuanCruz/Facultad/Objetos1/ejercicio2/src/test/resources
2023-02-23 13:46:41,074 [Worker-28: Building] INFO  o.e.m.c.i.embedder.EclipseLogger - Using 'UTF-8' encoding to copy filtered resources.
2023-02-23 13:46:41,074 [Worker-28: Building] INFO  o.e.m.c.i.embedder.EclipseLogger - skip non existing resourceDirectory /home/visino/VisinoJuanCruz/Facultad/Objetos1/ejercicio2/src/main/resources
2023-02-23 13:46:41,075 [Worker-28: Building] INFO  o.e.m.c.i.embedder.EclipseLogger - Using 'UTF-8' encoding to copy filtered resources.
2023-02-23 13:46:41,075 [Worker-28: Building] INFO  o.e.m.c.i.embedder.EclipseLogger - skip non existing resourceDirectory /home/visino/VisinoJuanCruz/Facultad/Objetos1/ejercicio2/src/test/resources
2023-02-23 14:25:44,023 [Worker-41: Building] INFO  o.e.m.c.i.embedder.EclipseLogger - Using 'UTF-8' encoding to copy filtered resources.
2023-02-23 14:25:44,023 [Worker-41: Building] INFO  o.e.m.c.i.embedder.EclipseLogger - skip non existing resourceDirectory /home/visino/VisinoJuanCruz/Facultad/Objetos1/ejercicio2/src/main/resources
2023-02-23 14:25:44,024 [Worker-41: Building] INFO  o.e.m.c.i.embedder.EclipseLogger - Using 'UTF-8' encoding to copy filtered resources.
2023-02-23 14:25:44,024 [Worker-41: Building] INFO  o.e.m.c.i.embedder.EclipseLogger - skip non existing resourceDirectory /home/visino/VisinoJuanCruz/Facultad/Objetos1/ejercicio2/src/test/resources
2023-02-23 14:26:03,997 [Worker-26: Building] INFO  o.e.m.c.i.embedder.EclipseLogger - Using 'UTF-8' encoding to copy filtered resources.
2023-02-23 14:26:03,997 [Worker-26: Building] INFO  o.e.m.c.i.embedder.EclipseLogger - skip non existing resourceDirectory /home/visino/VisinoJuanCruz/Facultad/Objetos1/ejercicio2/src/main/resources
2023-02-23 14:26:03,999 [Worker-26: Building] INFO  o.e.m.c.i.embedder.EclipseLogger - Using 'UTF-8' encoding to copy filtered resources.
2023-02-23 14:26:03,999 [Worker-26: Building] INFO  o.e.m.c.i.embedder.EclipseLogger - skip non existing resourceDirectory /home/visino/VisinoJuanCruz/Facultad/Objetos1/ejercicio2/src/test/resources
2023-02-23 14:26:37,491 [Worker-26: Building] INFO  o.e.m.c.i.embedder.EclipseLogger - Using 'UTF-8' encoding to copy filtered resources.
2023-02-23 14:26:37,491 [Worker-26: Building] INFO  o.e.m.c.i.embedder.EclipseLogger - skip non existing resourceDirectory /home/visino/VisinoJuanCruz/Facultad/Objetos1/ejercicio2/src/main/resources
2023-02-23 14:26:37,498 [Worker-26: Building] INFO  o.e.m.c.i.embedder.EclipseLogger - Using 'UTF-8' encoding to copy filtered resources.
2023-02-23 14:26:37,498 [Worker-26: Building] INFO  o.e.m.c.i.embedder.EclipseLogger - skip non existing resourceDirectory /home/visino/VisinoJuanCruz/Facultad/Objetos1/ejercicio2/src/test/resources
2023-02-23 14:26:38,571 [Worker-39: Building] INFO  o.e.m.c.i.embedder.EclipseLogger - Using 'UTF-8' encoding to copy filtered resources.
2023-02-23 14:26:38,571 [Worker-39: Building] INFO  o.e.m.c.i.embedder.EclipseLogger - skip non existing resourceDirectory /home/visino/VisinoJuanCruz/Facultad/Objetos1/ejercicio2/src/main/resources
2023-02-23 14:26:38,573 [Worker-39: Building] INFO  o.e.m.c.i.embedder.EclipseLogger - Using 'UTF-8' encoding to copy filtered resources.
2023-02-23 14:26:38,574 [Worker-39: Building] INFO  o.e.m.c.i.embedder.EclipseLogger - skip non existing resourceDirectory /home/visino/VisinoJuanCruz/Facultad/Objetos1/ejercicio2/src/test/resources
2023-02-23 14:28:25,419 [Worker-44: Building] INFO  o.e.m.c.i.embedder.EclipseLogger - Using 'UTF-8' encoding to copy filtered resources.
2023-02-23 14:28:25,419 [Worker-44: Building] INFO  o.e.m.c.i.embedder.EclipseLogger - skip non existing resourceDirectory /home/visino/VisinoJuanCruz/Facultad/Objetos1/ejercicio2/src/main/resources
2023-02-23 14:28:25,420 [Worker-44: Building] INFO  o.e.m.c.i.embedder.EclipseLogger - Using 'UTF-8' encoding to copy filtered resources.
2023-02-23 14:28:25,420 [Worker-44: Building] INFO  o.e.m.c.i.embedder.EclipseLogger - skip non existing resourceDirectory /home/visino/VisinoJuanCruz/Facultad/Objetos1/ejercicio2/src/test/resources
2023-02-23 14:29:34,998 [Worker-41: Building] INFO  o.e.m.c.i.embedder.EclipseLogger - Using 'UTF-8' encoding to copy filtered resources.
2023-02-23 14:29:34,999 [Worker-41: Building] INFO  o.e.m.c.i.embedder.EclipseLogger - skip non existing resourceDirectory /home/visino/VisinoJuanCruz/Facultad/Objetos1/ejercicio2/src/main/resources
2023-02-23 14:29:35,000 [Worker-41: Building] INFO  o.e.m.c.i.embedder.EclipseLogger - Using 'UTF-8' encoding to copy filtered resources.
2023-02-23 14:29:35,001 [Worker-41: Building] INFO  o.e.m.c.i.embedder.EclipseLogger - skip non existing resourceDirectory /home/visino/VisinoJuanCruz/Facultad/Objetos1/ejercicio2/src/test/resources
2023-02-23 14:30:50,020 [Worker-43: Building] INFO  o.e.m.c.i.embedder.EclipseLogger - Using 'UTF-8' encoding to copy filtered resources.
2023-02-23 14:30:50,020 [Worker-43: Building] INFO  o.e.m.c.i.embedder.EclipseLogger - skip non existing resourceDirectory /home/visino/VisinoJuanCruz/Facultad/Objetos1/ejercicio2/src/main/resources
2023-02-23 14:30:50,022 [Worker-43: Building] INFO  o.e.m.c.i.embedder.EclipseLogger - Using 'UTF-8' encoding to copy filtered resources.
2023-02-23 14:30:50,022 [Worker-43: Building] INFO  o.e.m.c.i.embedder.EclipseLogger - skip non existing resourceDirectory /home/visino/VisinoJuanCruz/Facultad/Objetos1/ejercicio2/src/test/resources
2023-02-23 14:31:28,004 [Worker-26: Building] INFO  o.e.m.c.i.embedder.EclipseLogger - Using 'UTF-8' encoding to copy filtered resources.
2023-02-23 14:31:28,004 [Worker-26: Building] INFO  o.e.m.c.i.embedder.EclipseLogger - skip non existing resourceDirectory /home/visino/VisinoJuanCruz/Facultad/Objetos1/ejercicio2/src/main/resources
2023-02-23 14:31:28,006 [Worker-26: Building] INFO  o.e.m.c.i.embedder.EclipseLogger - Using 'UTF-8' encoding to copy filtered resources.
2023-02-23 14:31:28,006 [Worker-26: Building] INFO  o.e.m.c.i.embedder.EclipseLogger - skip non existing resourceDirectory /home/visino/VisinoJuanCruz/Facultad/Objetos1/ejercicio2/src/test/resources
